This file contains any messages produced by compilers while
running configure, to aid debugging if configure makes a mistake.

It was created by configure, which was
generated by GNU Autoconf 2.57.  Invocation command line was

  $ ./configure 

## --------- ##
## Platform. ##
## --------- ##

hostname = skip
uname -m = i686
uname -r = 2.6.26-2-686
uname -s = Linux
uname -v = #1 SMP Tue Mar 9 17:35:51 UTC 2010

/usr/bin/uname -p = unknown
/bin/uname -X     = unknown

/bin/arch              = unknown
/usr/bin/arch -k       = unknown
/usr/convex/getsysinfo = unknown
hostinfo               = unknown
/bin/machine           = unknown
/usr/bin/oslevel       = unknown
/bin/universe          = unknown

PATH: /usr/local/bin
PATH: /usr/bin
PATH: /bin
PATH: /usr/games


## ----------- ##
## Core tests. ##
## ----------- ##

configure:1499: checking for a BSD-compatible install
configure:1553: result: /usr/bin/install -c
configure:1564: checking whether build environment is sane
configure:1607: result: yes
configure:1640: checking for gawk
configure:1656: found /usr/bin/gawk
configure:1666: result: gawk
configure:1676: checking whether make sets $(MAKE)
configure:1696: result: yes
configure:1919: checking for gcc
configure:1935: found /usr/bin/gcc
configure:1945: result: gcc
configure:2189: checking for C compiler version
configure:2192: gcc --version </dev/null >&5
gcc (Debian 4.3.2-1.1) 4.3.2
Copyright (C) 2008 Free Software Foundation, Inc.
This is free software; see the source for copying conditions.  There is NO
warranty; not even for MERCHANTABILITY or FITNESS FOR A PARTICULAR PURPOSE.

configure:2195: $? = 0
configure:2197: gcc -v </dev/null >&5
Using built-in specs.
Target: i486-linux-gnu
Configured with: ../src/configure -v --with-pkgversion='Debian 4.3.2-1.1' --with-bugurl=file:///usr/share/doc/gcc-4.3/README.Bugs --enable-languages=c,c++,fortran,objc,obj-c++ --prefix=/usr --enable-shared --with-system-zlib --libexecdir=/usr/lib --without-included-gettext --enable-threads=posix --enable-nls --with-gxx-include-dir=/usr/include/c++/4.3 --program-suffix=-4.3 --enable-clocale=gnu --enable-libstdcxx-debug --enable-objc-gc --enable-mpfr --enable-targets=all --enable-cld --enable-checking=release --build=i486-linux-gnu --host=i486-linux-gnu --target=i486-linux-gnu
Thread model: posix
gcc version 4.3.2 (Debian 4.3.2-1.1) 
configure:2200: $? = 0
configure:2202: gcc -V </dev/null >&5
gcc: '-V' option must have argument
configure:2205: $? = 1
configure:2229: checking for C compiler default output
configure:2232: gcc    conftest.c  >&5
configure:2235: $? = 0
configure:2281: result: a.out
configure:2286: checking whether the C compiler works
configure:2292: ./a.out
configure:2295: $? = 0
configure:2312: result: yes
configure:2319: checking whether we are cross compiling
configure:2321: result: no
configure:2324: checking for suffix of executables
configure:2326: gcc -o conftest    conftest.c  >&5
configure:2329: $? = 0
configure:2354: result: 
configure:2360: checking for suffix of object files
configure:2382: gcc -c   conftest.c >&5
configure:2385: $? = 0
configure:2407: result: o
configure:2411: checking whether we are using the GNU C compiler
configure:2436: gcc -c   conftest.c >&5
configure:2439: $? = 0
configure:2442: test -s conftest.o
configure:2445: $? = 0
configure:2458: result: yes
configure:2464: checking whether gcc accepts -g
configure:2486: gcc -c -g  conftest.c >&5
configure:2489: $? = 0
configure:2492: test -s conftest.o
configure:2495: $? = 0
configure:2506: result: yes
configure:2523: checking for gcc option to accept ANSI C
configure:2584: gcc  -c -g -O2  conftest.c >&5
configure:2587: $? = 0
configure:2590: test -s conftest.o
configure:2593: $? = 0
configure:2611: result: none needed
configure:2629: gcc -c -g -O2  conftest.c >&5
conftest.c:2: error: expected '=', ',', ';', 'asm' or '__attribute__' before 'me'
configure:2632: $? = 1
configure: failed program was:
| #ifndef __cplusplus
|   choke me
| #endif
configure:2752: checking for style of include used by make
configure:2780: result: GNU
configure:2808: checking dependency style of gcc
configure:2876: result: gcc3
configure:2898: checking how to run the C preprocessor
configure:2934: gcc -E  conftest.c
configure:2940: $? = 0
configure:2972: gcc -E  conftest.c
configure:2973:28: error: ac_nonexistent.h: No such file or directory
configure:2978: $? = 1
configure: failed program was:
| #line 2963 "configure"
| /* confdefs.h.  */
| 
| #define PACKAGE_NAME ""
| #define PACKAGE_TARNAME ""
| #define PACKAGE_VERSION ""
| #define PACKAGE_STRING ""
| #define PACKAGE_BUGREPORT ""
| #define PACKAGE "corona"
| #define VERSION "1.0.2"
| /* end confdefs.h.  */
| #include <ac_nonexistent.h>
configure:3016: result: gcc -E
configure:3041: gcc -E  conftest.c
configure:3047: $? = 0
configure:3079: gcc -E  conftest.c
configure:3080:28: error: ac_nonexistent.h: No such file or directory
configure:3085: $? = 1
configure: failed program was:
| #line 3070 "configure"
| /* confdefs.h.  */
| 
| #define PACKAGE_NAME ""
| #define PACKAGE_TARNAME ""
| #define PACKAGE_VERSION ""
| #define PACKAGE_STRING ""
| #define PACKAGE_BUGREPORT ""
| #define PACKAGE "corona"
| #define VERSION "1.0.2"
| /* end confdefs.h.  */
| #include <ac_nonexistent.h>
configure:3179: checking for g++
configure:3195: found /usr/bin/g++
configure:3205: result: g++
configure:3221: checking for C++ compiler version
configure:3224: g++ --version </dev/null >&5
g++ (Debian 4.3.2-1.1) 4.3.2
Copyright (C) 2008 Free Software Foundation, Inc.
This is free software; see the source for copying conditions.  There is NO
warranty; not even for MERCHANTABILITY or FITNESS FOR A PARTICULAR PURPOSE.

configure:3227: $? = 0
configure:3229: g++ -v </dev/null >&5
Using built-in specs.
Target: i486-linux-gnu
Configured with: ../src/configure -v --with-pkgversion='Debian 4.3.2-1.1' --with-bugurl=file:///usr/share/doc/gcc-4.3/README.Bugs --enable-languages=c,c++,fortran,objc,obj-c++ --prefix=/usr --enable-shared --with-system-zlib --libexecdir=/usr/lib --without-included-gettext --enable-threads=posix --enable-nls --with-gxx-include-dir=/usr/include/c++/4.3 --program-suffix=-4.3 --enable-clocale=gnu --enable-libstdcxx-debug --enable-objc-gc --enable-mpfr --enable-targets=all --enable-cld --enable-checking=release --build=i486-linux-gnu --host=i486-linux-gnu --target=i486-linux-gnu
Thread model: posix
gcc version 4.3.2 (Debian 4.3.2-1.1) 
configure:3232: $? = 0
configure:3234: g++ -V </dev/null >&5
g++: '-V' option must have argument
configure:3237: $? = 1
configure:3240: checking whether we are using the GNU C++ compiler
configure:3265: g++ -c   conftest.cc >&5
configure:3268: $? = 0
configure:3271: test -s conftest.o
configure:3274: $? = 0
configure:3287: result: yes
configure:3293: checking whether g++ accepts -g
configure:3315: g++ -c -g  conftest.cc >&5
configure:3318: $? = 0
configure:3321: test -s conftest.o
configure:3324: $? = 0
configure:3335: result: yes
configure:3379: g++ -c -g -O2  conftest.cc >&5
configure:3382: $? = 0
configure:3385: test -s conftest.o
configure:3388: $? = 0
configure:3415: g++ -c -g -O2  conftest.cc >&5
configure: In function 'int main()':
configure:3412: error: 'exit' was not declared in this scope
configure:3418: $? = 1
configure: failed program was:
| #line 3398 "configure"
| /* confdefs.h.  */
| 
| #define PACKAGE_NAME ""
| #define PACKAGE_TARNAME ""
| #define PACKAGE_VERSION ""
| #define PACKAGE_STRING ""
| #define PACKAGE_BUGREPORT ""
| #define PACKAGE "corona"
| #define VERSION "1.0.2"
| /* end confdefs.h.  */
| 
| int
| main ()
| {
| exit (42);
|   ;
|   return 0;
| }
configure:3379: g++ -c -g -O2  conftest.cc >&5
configure:3382: $? = 0
configure:3385: test -s conftest.o
configure:3388: $? = 0
configure:3415: g++ -c -g -O2  conftest.cc >&5
configure:3418: $? = 0
configure:3421: test -s conftest.o
configure:3424: $? = 0
configure:3449: checking dependency style of g++
configure:3517: result: gcc3
configure:3539: checking how to run the C++ preprocessor
configure:3571: g++ -E  conftest.cc
configure:3577: $? = 0
configure:3609: g++ -E  conftest.cc
configure:3613:28: error: ac_nonexistent.h: No such file or directory
configure:3615: $? = 1
configure: failed program was:
| #line 3600 "configure"
| /* confdefs.h.  */
| 
| #define PACKAGE_NAME ""
| #define PACKAGE_TARNAME ""
| #define PACKAGE_VERSION ""
| #define PACKAGE_STRING ""
| #define PACKAGE_BUGREPORT ""
| #define PACKAGE "corona"
| #define VERSION "1.0.2"
| #ifdef __cplusplus
| #include <stdlib.h>
| #endif
| /* end confdefs.h.  */
| #include <ac_nonexistent.h>
configure:3653: result: g++ -E
configure:3678: g++ -E  conftest.cc
configure:3684: $? = 0
configure:3716: g++ -E  conftest.cc
configure:3720:28: error: ac_nonexistent.h: No such file or directory
configure:3722: $? = 1
configure: failed program was:
| #line 3707 "configure"
| /* confdefs.h.  */
| 
| #define PACKAGE_NAME ""
| #define PACKAGE_TARNAME ""
| #define PACKAGE_VERSION ""
| #define PACKAGE_STRING ""
| #define PACKAGE_BUGREPORT ""
| #define PACKAGE "corona"
| #define VERSION "1.0.2"
| #ifdef __cplusplus
| #include <stdlib.h>
| #endif
| /* end confdefs.h.  */
| #include <ac_nonexistent.h>
configure:3764: checking whether make sets $(MAKE)
configure:3784: result: yes
configure:3865: checking build system type
configure:3883: result: i686-pc-linux-gnu
configure:3891: checking host system type
configure:3905: result: i686-pc-linux-gnu
configure:3935: checking for ld used by GCC
configure:3998: result: /usr/bin/ld
configure:4007: checking if the linker (/usr/bin/ld) is GNU ld
GNU ld (GNU Binutils for Debian) 2.18.0.20080103
configure:4019: result: yes
configure:4024: checking for /usr/bin/ld option to reload object files
configure:4031: result: -r
configure:4036: checking for BSD-compatible nm
configure:4072: result: /usr/bin/nm -B
configure:4075: checking whether ln -s works
configure:4079: result: yes
configure:4086: checking how to recognise dependant libraries
configure:4264: result: pass_all
configure:4277: checking command to parse /usr/bin/nm -B output
configure:4358: gcc -c -g -O2  conftest.c >&5
configure:4361: $? = 0
configure:4365: /usr/bin/nm -B conftest.o \| sed -n -e 's/^.*[ 	]\([ABCDGISTW][ABCDGISTW]*\)[ 	][ 	]*\(\)\([_A-Za-z][_A-Za-z0-9]*\)$/\1 \2\3 \3/p' \> conftest.nm
configure:4368: $? = 0
configure:4420: gcc -o conftest -g -O2   conftest.c conftstm.o >&5
configure:4423: $? = 0
configure:4467: result: ok
configure:4472: checking for egrep
configure:4482: result: grep -E
configure:4487: checking for ANSI C header files
configure:4513: gcc -c -g -O2  conftest.c >&5
configure:4516: $? = 0
configure:4519: test -s conftest.o
configure:4522: $? = 0
configure:4614: gcc -o conftest -g -O2   conftest.c  >&5
configure: In function 'main':
configure:4612: warning: incompatible implicit declaration of built-in function 'exit'
configure:4617: $? = 0
configure:4619: ./conftest
configure:4622: $? = 0
configure:4637: result: yes
configure:4661: checking for sys/types.h
configure:4678: gcc -c -g -O2  conftest.c >&5
configure:4681: $? = 0
configure:4684: test -s conftest.o
configure:4687: $? = 0
configure:4698: result: yes
configure:4661: checking for sys/stat.h
configure:4678: gcc -c -g -O2  conftest.c >&5
configure:4681: $? = 0
configure:4684: test -s conftest.o
configure:4687: $? = 0
configure:4698: result: yes
configure:4661: checking for stdlib.h
configure:4678: gcc -c -g -O2  conftest.c >&5
configure:4681: $? = 0
configure:4684: test -s conftest.o
configure:4687: $? = 0
configure:4698: result: yes
configure:4661: checking for string.h
configure:4678: gcc -c -g -O2  conftest.c >&5
configure:4681: $? = 0
configure:4684: test -s conftest.o
configure:4687: $? = 0
configure:4698: result: yes
configure:4661: checking for memory.h
configure:4678: gcc -c -g -O2  conftest.c >&5
configure:4681: $? = 0
configure:4684: test -s conftest.o
configure:4687: $? = 0
configure:4698: result: yes
configure:4661: checking for strings.h
configure:4678: gcc -c -g -O2  conftest.c >&5
configure:4681: $? = 0
configure:4684: test -s conftest.o
configure:4687: $? = 0
configure:4698: result: yes
configure:4661: checking for inttypes.h
configure:4678: gcc -c -g -O2  conftest.c >&5
configure:4681: $? = 0
configure:4684: test -s conftest.o
configure:4687: $? = 0
configure:4698: result: yes
configure:4661: checking for stdint.h
configure:4678: gcc -c -g -O2  conftest.c >&5
configure:4681: $? = 0
configure:4684: test -s conftest.o
configure:4687: $? = 0
configure:4698: result: yes
configure:4661: checking for unistd.h
configure:4678: gcc -c -g -O2  conftest.c >&5
configure:4681: $? = 0
configure:4684: test -s conftest.o
configure:4687: $? = 0
configure:4698: result: yes
configure:4724: checking dlfcn.h usability
configure:4737: gcc -c -g -O2  conftest.c >&5
configure:4740: $? = 0
configure:4743: test -s conftest.o
configure:4746: $? = 0
configure:4756: result: yes
configure:4760: checking dlfcn.h presence
configure:4771: gcc -E  conftest.c
configure:4777: $? = 0
configure:4796: result: yes
configure:4832: checking for dlfcn.h
configure:4839: result: yes
configure:5036: checking for ranlib
configure:5052: found /usr/bin/ranlib
configure:5063: result: ranlib
configure:5116: checking for strip
configure:5132: found /usr/bin/strip
configure:5143: result: strip
configure:5353: checking for objdir
configure:5364: result: .libs
configure:5381: checking for gcc option to produce PIC
configure:5531: result: -fPIC
configure:5535: checking if gcc PIC flag -fPIC works
configure:5559: gcc -c -g -O2 -fPIC -DPIC  conftest.c >&5
configure:5562: $? = 0
configure:5565: test -s conftest.o
configure:5568: $? = 0
configure:5606: result: yes
configure:5622: checking if gcc static flag -static works
configure:5647: gcc -o conftest -g -O2   -static conftest.c  >&5
configure:5650: $? = 0
configure:5653: test -s conftest
configure:5656: $? = 0
configure:5672: result: yes
configure:5684: checking if gcc supports -c -o file.o
configure:5704: gcc -c -g -O2 -o out/conftest2.o  conftest.c >&5
configure:5728: result: yes
configure:5733: checking if gcc supports -c -o file.lo
configure:5761: gcc -c -g -O2 -c -o conftest.lo  conftest.c >&5
configure:5764: $? = 0
configure:5767: test -s conftest.lo
configure:5770: $? = 0
configure:5792: result: yes
configure:5823: checking if gcc supports -fno-rtti -fno-exceptions
configure:5846: gcc -c -g -O2 -fno-rtti -fno-exceptions -c conftest.c  conftest.c >&5
cc1: warning: command line option "-fno-rtti" is valid for C++/ObjC++ but not for C
cc1: warning: command line option "-fno-rtti" is valid for C++/ObjC++ but not for C
configure:5849: $? = 0
configure:5852: test -s conftest.o
configure:5855: $? = 0
configure:5872: result: yes
configure:5883: checking whether the linker (/usr/bin/ld) supports shared libraries
configure:6563: result: yes
configure:6568: checking how to hardcode library paths into programs
configure:6592: result: immediate
configure:6597: checking whether stripping libraries is possible
configure:6602: result: yes
configure:6613: checking dynamic linker characteristics
configure:7006: result: GNU/Linux ld.so
configure:7011: checking if libtool supports shared libraries
configure:7013: result: yes
configure:7016: checking whether to build shared libraries
configure:7037: result: yes
configure:7040: checking whether to build static libraries
configure:7044: result: yes
configure:7718: checking whether -lc should be explicitly linked in
configure:7726: gcc -c -g -O2  conftest.c >&5
configure:7729: $? = 0
configure:7743: gcc -shared conftest.o  -v -Wl,-soname -Wl,conftest -o conftest 2\>\&1 \| grep  -lc  \>/dev/null 2\>\&1
configure:7746: $? = 0
configure:7759: result: no
configure:8331: checking for png_create_read_struct in -lpng
configure:8362: gcc -o conftest -g -O2   conftest.c -lpng -lz -lm  >&5
configure:8365: $? = 0
configure:8368: test -s conftest
configure:8371: $? = 0
configure:8383: result: yes
configure:8411: checking for jpeg_start_decompress in -ljpeg
configure:8442: gcc -o conftest -g -O2   conftest.c -ljpeg  -lpng -lz -lm  >&5
configure:8445: $? = 0
configure:8448: test -s conftest
configure:8451: $? = 0
configure:8463: result: yes
configure:8491: checking for ANSI C header files
configure:8641: result: yes
configure:8825: creating ./config.status

## ---------------------- ##
## Running config.status. ##
## ---------------------- ##

This file was extended by config.status, which was
generated by GNU Autoconf 2.57.  Invocation command line was

  CONFIG_FILES    = 
  CONFIG_HEADERS  = 
  CONFIG_LINKS    = 
  CONFIG_COMMANDS = 
  $ ./config.status 

on skip

config.status:678: creating corona-config
config.status:678: creating Makefile
config.status:678: creating doc/Makefile
config.status:678: creating examples/Makefile
config.status:678: creating examples/formats/Makefile
config.status:678: creating src/Makefile
config.status:678: creating src/libungif-4.1.0/Makefile
config.status:678: creating tools/Makefile
config.status:678: creating tools/corconvert/Makefile
config.status:803: executing depfiles commands
config.status:803: executing default commands

## ---------------- ##
## Cache variables. ##
## ---------------- ##

ac_cv_build=i686-pc-linux-gnu
ac_cv_build_alias=i686-pc-linux-gnu
ac_cv_c_compiler_gnu=yes
ac_cv_cxx_compiler_gnu=yes
ac_cv_env_CC_set=
ac_cv_env_CC_value=
ac_cv_env_CFLAGS_set=
ac_cv_env_CFLAGS_value=
ac_cv_env_CPPFLAGS_set=
ac_cv_env_CPPFLAGS_value=
ac_cv_env_CPP_set=
ac_cv_env_CPP_value=
ac_cv_env_CXXCPP_set=
ac_cv_env_CXXCPP_value=
ac_cv_env_CXXFLAGS_set=
ac_cv_env_CXXFLAGS_value=
ac_cv_env_CXX_set=
ac_cv_env_CXX_value=
ac_cv_env_LDFLAGS_set=
ac_cv_env_LDFLAGS_value=
ac_cv_env_build_alias_set=
ac_cv_env_build_alias_value=
ac_cv_env_host_alias_set=
ac_cv_env_host_alias_value=
ac_cv_env_target_alias_set=
ac_cv_env_target_alias_value=
ac_cv_exeext=
ac_cv_header_dlfcn_h=yes
ac_cv_header_inttypes_h=yes
ac_cv_header_memory_h=yes
ac_cv_header_stdc=yes
ac_cv_header_stdint_h=yes
ac_cv_header_stdlib_h=yes
ac_cv_header_string_h=yes
ac_cv_header_strings_h=yes
ac_cv_header_sys_stat_h=yes
ac_cv_header_sys_types_h=yes
ac_cv_header_unistd_h=yes
ac_cv_host=i686-pc-linux-gnu
ac_cv_host_alias=i686-pc-linux-gnu
ac_cv_lib_jpeg_jpeg_start_decompress=yes
ac_cv_lib_png_png_create_read_struct=yes
ac_cv_objext=o
ac_cv_path_install='/usr/bin/install -c'
ac_cv_prog_AWK=gawk
ac_cv_prog_CPP='gcc -E'
ac_cv_prog_CXXCPP='g++ -E'
ac_cv_prog_ac_ct_CC=gcc
ac_cv_prog_ac_ct_CXX=g++
ac_cv_prog_ac_ct_RANLIB=ranlib
ac_cv_prog_ac_ct_STRIP=strip
ac_cv_prog_cc_g=yes
ac_cv_prog_cc_stdc=
ac_cv_prog_cxx_g=yes
ac_cv_prog_egrep='grep -E'
ac_cv_prog_make_make_set=yes
am_cv_CC_dependencies_compiler_type=gcc3
am_cv_CXX_dependencies_compiler_type=gcc3
lt_cv_archive_cmds_need_lc=no
lt_cv_compiler_c_o=yes
lt_cv_compiler_o_lo=yes
lt_cv_deplibs_check_method=pass_all
lt_cv_file_magic_cmd='$MAGIC_CMD'
lt_cv_file_magic_test_file='/lib/libc.so.6 /lib/libc-2.7.so'
lt_cv_global_symbol_to_c_name_address='sed -n -e '\''s/^: \([^ ]*\) $/  {\"\1\", (lt_ptr) 0},/p'\'' -e '\''s/^[BCDEGRST] \([^ ]*\) \([^ ]*\)$/  {"\2", (lt_ptr) \&\2},/p'\'''
lt_cv_global_symbol_to_cdecl='sed -n -e '\''s/^. .* \(.*\)$/extern char \1;/p'\'''
lt_cv_ld_reload_flag=-r
lt_cv_path_LD=/usr/bin/ld
lt_cv_path_NM='/usr/bin/nm -B'
lt_cv_prog_cc_can_build_shared=yes
lt_cv_prog_cc_no_builtin=
lt_cv_prog_cc_pic=' -fPIC'
lt_cv_prog_cc_pic_works=yes
lt_cv_prog_cc_shlib=
lt_cv_prog_cc_static=-static
lt_cv_prog_cc_static_works=yes
lt_cv_prog_cc_wl=-Wl,
lt_cv_prog_gnu_ld=yes
lt_cv_sys_global_symbol_pipe='sed -n -e '\''s/^.*[ 	]\([ABCDGISTW][ABCDGISTW]*\)[ 	][ 	]*\(\)\([_A-Za-z][_A-Za-z0-9]*\)$/\1 \2\3 \3/p'\'''

## ----------------- ##
## Output variables. ##
## ----------------- ##

ACLOCAL='${SHELL} /home/loris/erasmus/3morduc/sandbox/corona-1.0.2/config/missing --run aclocal-1.7'
AMDEPBACKSLASH='\'
AMDEP_FALSE='#'
AMDEP_TRUE=''
AMTAR='${SHELL} /home/loris/erasmus/3morduc/sandbox/corona-1.0.2/config/missing --run tar'
AUTOCONF='${SHELL} /home/loris/erasmus/3morduc/sandbox/corona-1.0.2/config/missing --run autoconf'
AUTOHEADER='${SHELL} /home/loris/erasmus/3morduc/sandbox/corona-1.0.2/config/missing --run autoheader'
AUTOMAKE='${SHELL} /home/loris/erasmus/3morduc/sandbox/corona-1.0.2/config/missing --run automake-1.7'
AWK='gawk'
CC='gcc'
CCDEPMODE='depmode=gcc3'
CFLAGS='-g -O2 -Wall -Wno-non-virtual-dtor'
CPP='gcc -E'
CPPFLAGS=''
CXX='g++'
CXXCPP='g++ -E'
CXXDEPMODE='depmode=gcc3'
CXXFLAGS='-g -O2 -Wall -Wno-non-virtual-dtor'
CYGPATH_W='echo'
DEFS='-DPACKAGE_NAME=\"\" -DPACKAGE_TARNAME=\"\" -DPACKAGE_VERSION=\"\" -DPACKAGE_STRING=\"\" -DPACKAGE_BUGREPORT=\"\" -DPACKAGE=\"corona\" -DVERSION=\"1.0.2\" -DSTDC_HEADERS=1 -DHAVE_SYS_TYPES_H=1 -DHAVE_SYS_STAT_H=1 -DHAVE_STDLIB_H=1 -DHAVE_STRING_H=1 -DHAVE_MEMORY_H=1 -DHAVE_STRINGS_H=1 -DHAVE_INTTYPES_H=1 -DHAVE_STDINT_H=1 -DHAVE_UNISTD_H=1 -DHAVE_DLFCN_H=1 -DSTDC_HEADERS=1 '
DEPDIR='.deps'
ECHO='echo'
ECHO_C=''
ECHO_N='-n'
ECHO_T=''
EGREP='grep -E'
EXEEXT=''
EXTRA_LIBS='-ljpeg -lpng -lz -lm '
INSTALL_DATA='${INSTALL} -m 644'
INSTALL_PROGRAM='${INSTALL}'
INSTALL_SCRIPT='${INSTALL}'
INSTALL_STRIP_PROGRAM='${SHELL} $(install_sh) -c -s'
LDFLAGS=''
LIBOBJS=''
LIBS='-ljpeg -lpng -lz -lm '
LIBTOOL='$(SHELL) $(top_builddir)/libtool'
LN_S='ln -s'
LTLIBOBJS=''
MAKEINFO='${SHELL} /home/loris/erasmus/3morduc/sandbox/corona-1.0.2/config/missing --run makeinfo'
NO_JPEG_FALSE=''
NO_JPEG_TRUE='#'
NO_PNG_FALSE=''
NO_PNG_TRUE='#'
OBJEXT='o'
PACKAGE='corona'
PACKAGE_BUGREPORT=''
PACKAGE_NAME=''
PACKAGE_STRING=''
PACKAGE_TARNAME=''
PACKAGE_VERSION=''
PATH_SEPARATOR=':'
RANLIB='ranlib'
SET_MAKE=''
SHELL='/bin/sh'
STRIP='strip'
VERSION='1.0.2'
ac_ct_CC='gcc'
ac_ct_CXX='g++'
ac_ct_RANLIB='ranlib'
ac_ct_STRIP='strip'
am__fastdepCC_FALSE='#'
am__fastdepCC_TRUE=''
am__fastdepCXX_FALSE='#'
am__fastdepCXX_TRUE=''
am__include='include'
am__leading_dot='.'
am__quote=''
bindir='${exec_prefix}/bin'
build='i686-pc-linux-gnu'
build_alias=''
build_cpu='i686'
build_os='linux-gnu'
build_vendor='pc'
datadir='${prefix}/share'
exec_prefix='${prefix}'
host='i686-pc-linux-gnu'
host_alias=''
host_cpu='i686'
host_os='linux-gnu'
host_vendor='pc'
includedir='${prefix}/include'
infodir='${prefix}/info'
install_sh='/home/loris/erasmus/3morduc/sandbox/corona-1.0.2/config/install-sh'
libdir='${exec_prefix}/lib'
libexecdir='${exec_prefix}/libexec'
localstatedir='${prefix}/var'
mandir='${prefix}/man'
oldincludedir='/usr/include'
prefix='/usr/local'
program_transform_name='s,x,x,'
sbindir='${exec_prefix}/sbin'
sharedstatedir='${prefix}/com'
sysconfdir='${prefix}/etc'
target_alias=''

## ----------- ##
## confdefs.h. ##
## ----------- ##

#define HAVE_DLFCN_H 1
#define HAVE_INTTYPES_H 1
#define HAVE_MEMORY_H 1
#define HAVE_STDINT_H 1
#define HAVE_STDLIB_H 1
#define HAVE_STRINGS_H 1
#define HAVE_STRING_H 1
#define HAVE_SYS_STAT_H 1
#define HAVE_SYS_TYPES_H 1
#define HAVE_UNISTD_H 1
#define PACKAGE "corona"
#define PACKAGE_BUGREPORT ""
#define PACKAGE_NAME ""
#define PACKAGE_STRING ""
#define PACKAGE_TARNAME ""
#define PACKAGE_VERSION ""
#define STDC_HEADERS 1
#define STDC_HEADERS 1
#define VERSION "1.0.2"
#endif
#ifdef __cplusplus
#include <stdlib.h>

configure: exit 0
